<?xml version="1.0" encoding="UTF-8"?>
<testng-results ignored="0" total="1" passed="1" failed="0" skipped="0">
  <reporter-output>
  </reporter-output>
  <suite started-at="2023-12-29T17:08:12 IST" name="Default suite" finished-at="2023-12-29T17:09:13 IST" duration-ms="60643">
    <groups>
    </groups>
    <test started-at="2023-12-29T17:08:12 IST" name="Default test" finished-at="2023-12-29T17:09:13 IST" duration-ms="60643">
      <class name="org.test.AmazonExecutionClass">
        <test-method is-config="true" signature="setup()[pri:0, instance:org.test.AmazonExecutionClass@5b1669c0]" started-at="2023-12-29T17:08:10 IST" name="setup" finished-at="2023-12-29T17:08:12 IST" duration-ms="1992" status="PASS">
          <reporter-output>
          </reporter-output>
        </test-method> <!-- setup -->
        <test-method signature="tc1()[pri:0, instance:org.test.AmazonExecutionClass@5b1669c0]" started-at="2023-12-29T17:08:12 IST" name="tc1" finished-at="2023-12-29T17:09:12 IST" duration-ms="60355" status="PASS">
          <reporter-output>
          </reporter-output>
        </test-method> <!-- tc1 -->
        <test-method is-config="true" signature="tearDown(org.testng.ITestResult)[pri:0, instance:org.test.AmazonExecutionClass@5b1669c0]" started-at="2023-12-29T17:09:12 IST" name="tearDown" finished-at="2023-12-29T17:09:13 IST" duration-ms="261" status="PASS">
          <params>
            <param index="0">
              <value>
                <![CDATA[[TestResult name=tc1 status=SUCCESS method=AmazonExecutionClass.tc1()[pri:0, instance:org.test.AmazonExecutionClass@5b1669c0] output={null}]]]>
              </value>
            </param>
          </params>
          <reporter-output>
          </reporter-output>
        </test-method> <!-- tearDown -->
        <test-method is-config="true" signature="tearDownSuite()[pri:0, instance:org.test.AmazonExecutionClass@5b1669c0]" started-at="2023-12-29T17:09:13 IST" name="tearDownSuite" finished-at="2023-12-29T17:09:13 IST" duration-ms="290" status="PASS">
          <reporter-output>
          </reporter-output>
        </test-method> <!-- tearDownSuite -->
      </class> <!-- org.test.AmazonExecutionClass -->
    </test> <!-- Default test -->
  </suite> <!-- Default suite -->
</testng-results>
